<?xml version="1.0" encoding="UTF-8"?>
<testng-results ignored="0" total="2" passed="2" failed="0" skipped="0">
  <reporter-output>
  </reporter-output>
  <suite started-at="2024-07-14T20:17:26 IST" name="Default suite" finished-at="2024-07-14T20:18:38 IST" duration-ms="71751">
    <groups>
    </groups>
    <test started-at="2024-07-14T20:17:26 IST" name="Default test" finished-at="2024-07-14T20:18:38 IST" duration-ms="71751">
      <class name="com.qa.orangehrm.TestCases.AddEmpTestCase">
        <test-method is-config="true" signature="setUp()[pri:0, instance:com.qa.orangehrm.TestCases.AddEmpTestCase@5562c41e]" started-at="2024-07-14T20:17:26 IST" name="setUp" finished-at="2024-07-14T20:18:00 IST" duration-ms="33596" status="PASS">
          <reporter-output>
          </reporter-output>
        </test-method> <!-- setUp -->
        <test-method signature="emp_add()[pri:1, instance:com.qa.orangehrm.TestCases.AddEmpTestCase@5562c41e]" started-at="2024-07-14T20:18:00 IST" name="emp_add" finished-at="2024-07-14T20:18:11 IST" duration-ms="11768" status="PASS">
          <reporter-output>
          </reporter-output>
        </test-method> <!-- emp_add -->
        <test-method is-config="true" signature="tearDown(org.testng.ITestResult)[pri:0, instance:com.qa.orangehrm.TestCases.AddEmpTestCase@5562c41e]" started-at="2024-07-14T20:18:11 IST" name="tearDown" finished-at="2024-07-14T20:18:17 IST" duration-ms="5753" status="PASS">
          <params>
            <param index="0">
              <value>
                <![CDATA[[TestResult name=emp_add status=SUCCESS method=AddEmpTestCase.emp_add()[pri:1, instance:com.qa.orangehrm.TestCases.AddEmpTestCase@5562c41e] output={null}]]]>
              </value>
            </param>
          </params>
          <reporter-output>
          </reporter-output>
        </test-method> <!-- tearDown -->
        <test-method is-config="true" signature="setUp()[pri:0, instance:com.qa.orangehrm.TestCases.AddEmpTestCase@5562c41e]" started-at="2024-07-14T20:18:17 IST" name="setUp" finished-at="2024-07-14T20:18:24 IST" duration-ms="6861" status="PASS">
          <reporter-output>
          </reporter-output>
        </test-method> <!-- setUp -->
        <test-method signature="verifyIn_Emp_list()[pri:2, instance:com.qa.orangehrm.TestCases.AddEmpTestCase@5562c41e]" started-at="2024-07-14T20:18:24 IST" name="verifyIn_Emp_list" finished-at="2024-07-14T20:18:34 IST" duration-ms="10037" status="PASS">
          <reporter-output>
          </reporter-output>
        </test-method> <!-- verifyIn_Emp_list -->
        <test-method is-config="true" signature="tearDown(org.testng.ITestResult)[pri:0, instance:com.qa.orangehrm.TestCases.AddEmpTestCase@5562c41e]" started-at="2024-07-14T20:18:34 IST" name="tearDown" finished-at="2024-07-14T20:18:38 IST" duration-ms="3663" status="PASS">
          <params>
            <param index="0">
              <value>
                <![CDATA[[TestResult name=verifyIn_Emp_list status=SUCCESS method=AddEmpTestCase.verifyIn_Emp_list()[pri:2, instance:com.qa.orangehrm.TestCases.AddEmpTestCase@5562c41e] output={null}]]]>
              </value>
            </param>
          </params>
          <reporter-output>
          </reporter-output>
        </test-method> <!-- tearDown -->
      </class> <!-- com.qa.orangehrm.TestCases.AddEmpTestCase -->
    </test> <!-- Default test -->
  </suite> <!-- Default suite -->
</testng-results>
